<?xml version="1.0" encoding="UTF-8"?>
<testsuite xmlns:xsi="http://www.w3.org/2001/XMLSchema-instance" xsi:noNamespaceSchemaLocation="https://maven.apache.org/surefire/maven-surefire-plugin/xsd/surefire-test-report-3.0.xsd" version="3.0" name="com.example.beejo.BeejoApplicationTests" time="2.648" tests="1" errors="0" skipped="0" failures="0">
  <properties>
[...]
</properties>
  <testcase name="contextLoads" classname="com.example.beejo.BeejoApplicationTests" time="0.51">
    <system-out><![CDATA[14:23:13.881 [main] INFO org.springframework.test.context.support.AnnotationConfigContextLoaderUtils -- Could not detect default configuration classes for test class [com.example.beejo.BeejoApplicationTests]: BeejoApplicationTests does not declare any static, non-private, non-final, nested classes annotated with @Configuration.
14:23:13.973 [main] INFO org.springframework.boot.test.context.SpringBootTestContextBootstrapper -- Found @SpringBootConfiguration com.example.beejo.BeejoApplication for test class com.example.beejo.BeejoApplicationTests

  .   ____          _            __ _ _
 /\\ / ___'_ __ _ _(_)_ __  __ _ \ \ \ \
( ( )\___ | '_ | '_| | '_ \/ _` | \ \ \ \
 \\/  ___)| |_)| | | | | || (_| |  ) ) ) )
  '  |____| .__|_| |_|_| |_\__, | / / / /
 =========|_|==============|___/=/_/_/_/

 :: Spring Boot ::                (v3.3.2)

2024-08-09T14:23:14.240-04:00  INFO 55676 --- [beejo] [           main] c.example.beejo.BeejoApplicationTests    : Starting BeejoApplicationTests using Java 21.0.1 with PID 55676 (started by venlo in C:\CJV805\beejo-backend\beejo)
2024-08-09T14:23:14.241-04:00  INFO 55676 --- [beejo] [           main] c.example.beejo.BeejoApplicationTests    : No active profile set, falling back to 1 default profile: "default"
2024-08-09T14:23:14.623-04:00  INFO 55676 --- [beejo] [           main] .s.d.r.c.RepositoryConfigurationDelegate : Bootstrapping Spring Data MongoDB repositories in DEFAULT mode.
2024-08-09T14:23:14.657-04:00  INFO 55676 --- [beejo] [           main] .s.d.r.c.RepositoryConfigurationDelegate : Finished Spring Data repository scanning in 29 ms. Found 2 MongoDB repository interfaces.
2024-08-09T14:23:15.020-04:00  INFO 55676 --- [beejo] [           main] org.mongodb.driver.client                : MongoClient with metadata {"application": {"name": "SenecaCluster"}, "driver": {"name": "mongo-java-driver|sync|spring-boot", "version": "5.0.1"}, "os": {"type": "Windows", "name": "Windows 11", "architecture": "amd64", "version": "10.0"}, "platform": "Java/Oracle Corporation/21.0.1+12-LTS-29"} created with settings MongoClientSettings{readPreference=primary, writeConcern=WriteConcern{w=majority, wTimeout=null ms, journal=null}, retryWrites=true, retryReads=true, readConcern=ReadConcern{level=null}, credential=MongoCredential{mechanism=null, userName='vlpalicpic', source='admin', password=<hidden>, mechanismProperties=<hidden>}, transportSettings=null, commandListeners=[], codecRegistry=ProvidersCodecRegistry{codecProviders=[ValueCodecProvider{}, BsonValueCodecProvider{}, DBRefCodecProvider{}, DBObjectCodecProvider{}, DocumentCodecProvider{}, CollectionCodecProvider{}, IterableCodecProvider{}, MapCodecProvider{}, GeoJsonCodecProvider{}, GridFSFileCodecProvider{}, Jsr310CodecProvider{}, JsonObjectCodecProvider{}, BsonCodecProvider{}, EnumCodecProvider{}, com.mongodb.client.model.mql.ExpressionCodecProvider@6963b88c, com.mongodb.Jep395RecordCodecProvider@ab24484, com.mongodb.KotlinCodecProvider@54e43bfe]}, loggerSettings=LoggerSettings{maxDocumentLength=1000}, clusterSettings={hosts=[127.0.0.1:27017], srvHost=senecacluster.xb5bwnm.mongodb.net, srvServiceName=mongodb, mode=MULTIPLE, requiredClusterType=REPLICA_SET, requiredReplicaSetName='atlas-jxijd4-shard-0', serverSelector='null', clusterListeners='[]', serverSelectionTimeout='30000 ms', localThreshold='15 ms'}, socketSettings=SocketSettings{connectTimeoutMS=10000, readTimeoutMS=0, receiveBufferSize=0, proxySettings=ProxySettings{host=null, port=null, username=null, password=null}}, heartbeatSocketSettings=SocketSettings{connectTimeoutMS=10000, readTimeoutMS=10000, receiveBufferSize=0, proxySettings=ProxySettings{host=null, port=null, username=null, password=null}}, connectionPoolSettings=ConnectionPoolSettings{maxSize=100, minSize=0, maxWaitTimeMS=120000, maxConnectionLifeTimeMS=0, maxConnectionIdleTimeMS=0, maintenanceInitialDelayMS=0, maintenanceFrequencyMS=60000, connectionPoolListeners=[], maxConnecting=2}, serverSettings=ServerSettings{heartbeatFrequencyMS=10000, minHeartbeatFrequencyMS=500, serverListeners='[]', serverMonitorListeners='[]'}, sslSettings=SslSettings{enabled=true, invalidHostNameAllowed=false, context=null}, applicationName='SenecaCluster', compressorList=[], uuidRepresentation=JAVA_LEGACY, serverApi=null, autoEncryptionSettings=null, dnsClient=null, inetAddressResolver=null, contextProvider=null}
2024-08-09T14:23:15.024-04:00  INFO 55676 --- [beejo] [wnm.mongodb.net] org.mongodb.driver.cluster               : Adding discovered server ac-sp7bpw0-shard-00-02.xb5bwnm.mongodb.net:27017 to client view of cluster
2024-08-09T14:23:15.045-04:00  INFO 55676 --- [beejo] [wnm.mongodb.net] org.mongodb.driver.cluster               : Adding discovered server ac-sp7bpw0-shard-00-01.xb5bwnm.mongodb.net:27017 to client view of cluster
2024-08-09T14:23:15.046-04:00  INFO 55676 --- [beejo] [wnm.mongodb.net] org.mongodb.driver.cluster               : Adding discovered server ac-sp7bpw0-shard-00-00.xb5bwnm.mongodb.net:27017 to client view of cluster
2024-08-09T14:23:15.343-04:00  WARN 55676 --- [beejo] [           main] .s.s.UserDetailsServiceAutoConfiguration : 

Using generated security password: e4b44b5c-bab6-4c2c-8209-e2e9dd57993b

This generated password is for development use only. Your security configuration must be updated before running your application in production.

2024-08-09T14:23:15.350-04:00  INFO 55676 --- [beejo] [           main] r$InitializeUserDetailsManagerConfigurer : Global AuthenticationManager configured with UserDetailsService bean with name inMemoryUserDetailsManager
2024-08-09T14:23:15.515-04:00  INFO 55676 --- [beejo] [ngodb.net:27017] org.mongodb.driver.cluster               : Monitor thread successfully connected to server with description ServerDescription{address=ac-sp7bpw0-shard-00-02.xb5bwnm.mongodb.net:27017, type=REPLICA_SET_SECONDARY, state=CONNECTED, ok=true, minWireVersion=0, maxWireVersion=21, maxDocumentSize=16777216, logicalSessionTimeoutMinutes=30, roundTripTimeNanos=265230000, setName='atlas-jxijd4-shard-0', canonicalAddress=ac-sp7bpw0-shard-00-02.xb5bwnm.mongodb.net:27017, hosts=[ac-sp7bpw0-shard-00-01.xb5bwnm.mongodb.net:27017, ac-sp7bpw0-shard-00-02.xb5bwnm.mongodb.net:27017, ac-sp7bpw0-shard-00-00.xb5bwnm.mongodb.net:27017], passives=[], arbiters=[], primary='ac-sp7bpw0-shard-00-01.xb5bwnm.mongodb.net:27017', tagSet=TagSet{[Tag{name='diskState', value='READY'}, Tag{name='nodeType', value='ELECTABLE'}, Tag{name='provider', value='AZURE'}, Tag{name='region', value='CANADA_CENTRAL'}, Tag{name='workloadType', value='OPERATIONAL'}]}, electionId=null, setVersion=7, topologyVersion=TopologyVersion{processId=66b6526a5f1b74519f1bfb65, counter=3}, lastWriteDate=Fri Aug 09 14:23:16 EDT 2024, lastUpdateTimeNanos=866892413724000}
2024-08-09T14:23:15.515-04:00  INFO 55676 --- [beejo] [ngodb.net:27017] org.mongodb.driver.cluster               : Monitor thread successfully connected to server with description ServerDescription{address=ac-sp7bpw0-shard-00-00.xb5bwnm.mongodb.net:27017, type=REPLICA_SET_SECONDARY, state=CONNECTED, ok=true, minWireVersion=0, maxWireVersion=21, maxDocumentSize=16777216, logicalSessionTimeoutMinutes=30, roundTripTimeNanos=265230200, setName='atlas-jxijd4-shard-0', canonicalAddress=ac-sp7bpw0-shard-00-00.xb5bwnm.mongodb.net:27017, hosts=[ac-sp7bpw0-shard-00-01.xb5bwnm.mongodb.net:27017, ac-sp7bpw0-shard-00-02.xb5bwnm.mongodb.net:27017, ac-sp7bpw0-shard-00-00.xb5bwnm.mongodb.net:27017], passives=[], arbiters=[], primary='ac-sp7bpw0-shard-00-01.xb5bwnm.mongodb.net:27017', tagSet=TagSet{[Tag{name='diskState', value='READY'}, Tag{name='nodeType', value='ELECTABLE'}, Tag{name='provider', value='AZURE'}, Tag{name='region', value='CANADA_CENTRAL'}, Tag{name='workloadType', value='OPERATIONAL'}]}, electionId=null, setVersion=7, topologyVersion=TopologyVersion{processId=66b64e707e5b696d3b227b49, counter=4}, lastWriteDate=Fri Aug 09 14:23:16 EDT 2024, lastUpdateTimeNanos=866892413724000}
2024-08-09T14:23:15.515-04:00  INFO 55676 --- [beejo] [ngodb.net:27017] org.mongodb.driver.cluster               : Monitor thread successfully connected to server with description ServerDescription{address=ac-sp7bpw0-shard-00-01.xb5bwnm.mongodb.net:27017, type=REPLICA_SET_PRIMARY, state=CONNECTED, ok=true, minWireVersion=0, maxWireVersion=21, maxDocumentSize=16777216, logicalSessionTimeoutMinutes=30, roundTripTimeNanos=271658800, setName='atlas-jxijd4-shard-0', canonicalAddress=ac-sp7bpw0-shard-00-01.xb5bwnm.mongodb.net:27017, hosts=[ac-sp7bpw0-shard-00-01.xb5bwnm.mongodb.net:27017, ac-sp7bpw0-shard-00-02.xb5bwnm.mongodb.net:27017, ac-sp7bpw0-shard-00-00.xb5bwnm.mongodb.net:27017], passives=[], arbiters=[], primary='ac-sp7bpw0-shard-00-01.xb5bwnm.mongodb.net:27017', tagSet=TagSet{[Tag{name='diskState', value='READY'}, Tag{name='nodeType', value='ELECTABLE'}, Tag{name='provider', value='AZURE'}, Tag{name='region', value='CANADA_CENTRAL'}, Tag{name='workloadType', value='OPERATIONAL'}]}, electionId=7fffffff000000000000008f, setVersion=7, topologyVersion=TopologyVersion{processId=66b6500e294736fc0c4cdd6e, counter=6}, lastWriteDate=Fri Aug 09 14:23:16 EDT 2024, lastUpdateTimeNanos=866892413724000}
2024-08-09T14:23:15.518-04:00  INFO 55676 --- [beejo] [ngodb.net:27017] org.mongodb.driver.cluster               : Discovered replica set primary ac-sp7bpw0-shard-00-01.xb5bwnm.mongodb.net:27017 with max election id 7fffffff000000000000008f and max set version 7
2024-08-09T14:23:15.869-04:00  INFO 55676 --- [beejo] [           main] c.example.beejo.BeejoApplicationTests    : Started BeejoApplicationTests in 1.791 seconds (process running for 2.489)
]]></system-out>
    <system-err><![CDATA[WARNING: A Java agent has been loaded dynamically (C:\Users\venlo\.m2\repository\net\bytebuddy\byte-buddy-agent\1.14.18\byte-buddy-agent-1.14.18.jar)
WARNING: If a serviceability tool is in use, please run with -XX:+EnableDynamicAgentLoading to hide this warning
WARNING: If a serviceability tool is not in use, please run with -Djdk.instrument.traceUsage for more information
WARNING: Dynamic loading of agents will be disallowed by default in a future release
]]></system-err>
  </testcase>
</testsuite>